2025-08-08 14:41:55 - Starting LetsgoApplication using Java 24.0.2 with PID 3636 (C:\Software\letsgo\target\classes started by meman in C:\Software\letsgo)
2025-08-08 14:41:55 - No active profile set, falling back to 1 default profile: "default"
2025-08-08 14:41:57 - Bootstrapping Spring Data JPA repositories in DEFAULT mode.
2025-08-08 14:41:57 - Finished Spring Data repository scanning in 96 ms. Found 1 JPA repository interface.
2025-08-08 14:41:57 - Tomcat initialized with port 8080 (http)
2025-08-08 14:41:58 - Starting service [Tomcat]
2025-08-08 14:41:58 - Starting Servlet engine: [Apache Tomcat/10.1.43]
2025-08-08 14:41:58 - Initializing Spring embedded WebApplicationContext
2025-08-08 14:41:58 - Root WebApplicationContext: initialization completed in 2061 ms
2025-08-08 14:41:58 - HHH000204: Processing PersistenceUnitInfo [name: default]
2025-08-08 14:41:58 - HHH000412: Hibernate ORM core version 6.6.22.Final
2025-08-08 14:41:58 - HHH000026: Second-level cache disabled
2025-08-08 14:41:59 - No LoadTimeWeaver setup: ignoring JPA class transformer
2025-08-08 14:41:59 - HikariPool-1 - Starting...
2025-08-08 14:41:59 - HikariPool-1 - Added connection com.mysql.cj.jdbc.ConnectionImpl@149d7cc6
2025-08-08 14:41:59 - HikariPool-1 - Start completed.
2025-08-08 14:41:59 - HHH10001005: Database info:
	Database JDBC URL [Connecting through datasource 'HikariDataSource (HikariPool-1)']
	Database driver: undefined/unknown
	Database version: 8.0.40
	Autocommit mode: undefined/unknown
	Isolation level: undefined/unknown
	Minimum pool size: undefined/unknown
	Maximum pool size: undefined/unknown
2025-08-08 14:42:00 - HHH000489: No JTA platform available (set 'hibernate.transaction.jta.platform' to enable JTA platform integration)
2025-08-08 14:42:01 - Initialized JPA EntityManagerFactory for persistence unit 'default'
2025-08-08 14:42:01 - spring.jpa.open-in-view is enabled by default. Therefore, database queries may be performed during view rendering. Explicitly configure spring.jpa.open-in-view to disable this warning
2025-08-08 14:42:01 - Tomcat started on port 8080 (http) with context path '/'
2025-08-08 14:42:01 - Started LetsgoApplication in 6.562 seconds (process running for 7.158)
2025-08-08 14:42:26 - Initializing Spring DispatcherServlet 'dispatcherServlet'
2025-08-08 14:42:26 - Initializing Servlet 'dispatcherServlet'
2025-08-08 14:42:26 - Completed initialization in 1 ms
2025-08-08 14:42:27 - Vehicle ID 3 moved to [Lat: 85.78, Lng: 52.46] at 2025-08-08T14:42:27.201950800
2025-08-08 14:53:00 - Starting LetsgoApplication using Java 24.0.2 with PID 10552 (C:\Software\letsgo\target\classes started by meman in C:\Software\letsgo)
2025-08-08 14:53:00 - No active profile set, falling back to 1 default profile: "default"
2025-08-08 14:53:01 - Bootstrapping Spring Data JPA repositories in DEFAULT mode.
2025-08-08 14:53:01 - Finished Spring Data repository scanning in 76 ms. Found 1 JPA repository interface.
2025-08-08 14:53:02 - Tomcat initialized with port 8080 (http)
2025-08-08 14:53:02 - Starting service [Tomcat]
2025-08-08 14:53:02 - Starting Servlet engine: [Apache Tomcat/10.1.43]
2025-08-08 14:53:02 - Initializing Spring embedded WebApplicationContext
2025-08-08 14:53:02 - Root WebApplicationContext: initialization completed in 1507 ms
2025-08-08 14:53:02 - HHH000204: Processing PersistenceUnitInfo [name: default]
2025-08-08 14:53:02 - HHH000412: Hibernate ORM core version 6.6.22.Final
2025-08-08 14:53:02 - HHH000026: Second-level cache disabled
2025-08-08 14:53:02 - No LoadTimeWeaver setup: ignoring JPA class transformer
2025-08-08 14:53:02 - HikariPool-1 - Starting...
2025-08-08 14:53:03 - HikariPool-1 - Added connection com.mysql.cj.jdbc.ConnectionImpl@d49e8c6
2025-08-08 14:53:03 - HikariPool-1 - Start completed.
2025-08-08 14:53:03 - HHH10001005: Database info:
	Database JDBC URL [Connecting through datasource 'HikariDataSource (HikariPool-1)']
	Database driver: undefined/unknown
	Database version: 8.0.40
	Autocommit mode: undefined/unknown
	Isolation level: undefined/unknown
	Minimum pool size: undefined/unknown
	Maximum pool size: undefined/unknown
2025-08-08 14:53:04 - HHH000489: No JTA platform available (set 'hibernate.transaction.jta.platform' to enable JTA platform integration)
2025-08-08 14:53:04 - Initialized JPA EntityManagerFactory for persistence unit 'default'
2025-08-08 14:53:04 - spring.jpa.open-in-view is enabled by default. Therefore, database queries may be performed during view rendering. Explicitly configure spring.jpa.open-in-view to disable this warning
2025-08-08 14:53:04 - Tomcat started on port 8080 (http) with context path '/'
2025-08-08 14:53:04 - Started LetsgoApplication in 4.994 seconds (process running for 5.474)
2025-08-08 14:53:14 - Initializing Spring DispatcherServlet 'dispatcherServlet'
2025-08-08 14:53:14 - Initializing Servlet 'dispatcherServlet'
2025-08-08 14:53:14 - Completed initialization in 1 ms
2025-08-08 14:53:14 - Vehicle ID 1 moved to [Lat: 85.78, Lng: 52.46]
2025-08-08 15:01:40 - Vehicle ID 2 moved to [Lat: 95.58, Lng: 82.46]
